# JRE version: Java(TM) SE Runtime Environment (8.0_101-b13) (build 1.8.0_101-b13)
# Java VM: Java HotSpot(TM) 64-Bit Server VM (25.101-b13 mixed mode linux-amd64 compressed oops)
Heap:
 par new generation   total 39296K, used 8391K [0x00000000d1200000, 0x00000000d3ca0000, 0x00000000e0c00000)
  eden space 34944K,  11% used [0x00000000d1200000, 0x00000000d15f1f50, 0x00000000d3420000)
  from space 4352K, 100% used [0x00000000d3860000, 0x00000000d3ca0000, 0x00000000d3ca0000)
  to   space 4352K,   0% used [0x00000000d3420000, 0x00000000d3420000, 0x00000000d3860000)
 concurrent mark-sweep generation total 87424K, used 13288K [0x00000000e0c00000, 0x00000000e6160000, 0x0000000100000000)
 Metaspace       used 32625K, capacity 33404K, committed 33500K, reserved 1079296K
  class space    used 4112K, capacity 4295K, committed 4372K, reserved 1048576K
GC Heap History (10 events):
Event: 1.152 GC heap before
{Heap before GC invocations=2 (full 0):
 par new generation   total 39296K, used 38728K [0x00000000d1200000, 0x00000000d3ca0000, 0x00000000e0c00000)
  eden space 34944K, 100% used [0x00000000d1200000, 0x00000000d3420000, 0x00000000d3420000)
  from space 4352K,  86% used [0x00000000d3420000, 0x00000000d37d22e0, 0x00000000d3860000)
  to   space 4352K,   0% used [0x00000000d3860000, 0x00000000d3860000, 0x00000000d3ca0000)
 concurrent mark-sweep generation total 87424K, used 5466K [0x00000000e0c00000, 0x00000000e6160000, 0x0000000100000000)
 Metaspace       used 12444K, capacity 12700K, committed 12928K, reserved 1060864K
  class space    used 1456K, capacity 1543K, committed 1664K, reserved 1048576K
Event: 1.157 GC heap after
Heap after GC invocations=3 (full 0):
 par new generation   total 39296K, used 1232K [0x00000000d1200000, 0x00000000d3ca0000, 0x00000000e0c00000)
  eden space 34944K,   0% used [0x00000000d1200000, 0x00000000d1200000, 0x00000000d3420000)
  from space 4352K,  28% used [0x00000000d3860000, 0x00000000d3994118, 0x00000000d3ca0000)
  to   space 4352K,   0% used [0x00000000d3420000, 0x00000000d3420000, 0x00000000d3860000)
 concurrent mark-sweep generation total 87424K, used 6632K [0x00000000e0c00000, 0x00000000e6160000, 0x0000000100000000)
 Metaspace       used 12444K, capacity 12700K, committed 12928K, reserved 1060864K
  class space    used 1456K, capacity 1543K, committed 1664K, reserved 1048576K
}
Event: 1.209 GC heap before
{Heap before GC invocations=3 (full 0):
 par new generation   total 39296K, used 36176K [0x00000000d1200000, 0x00000000d3ca0000, 0x00000000e0c00000)
  eden space 34944K, 100% used [0x00000000d1200000, 0x00000000d3420000, 0x00000000d3420000)
  from space 4352K,  28% used [0x00000000d3860000, 0x00000000d3994118, 0x00000000d3ca0000)
  to   space 4352K,   0% used [0x00000000d3420000, 0x00000000d3420000, 0x00000000d3860000)
 concurrent mark-sweep generation total 87424K, used 6632K [0x00000000e0c00000, 0x00000000e6160000, 0x0000000100000000)
 Metaspace       used 12444K, capacity 12700K, committed 12928K, reserved 1060864K
  class space    used 1456K, capacity 1543K, committed 1664K, reserved 1048576K
Event: 1.210 GC heap after
Heap after GC invocations=4 (full 0):
 par new generation   total 39296K, used 1160K [0x00000000d1200000, 0x00000000d3ca0000, 0x00000000e0c00000)
  eden space 34944K,   0% used [0x00000000d1200000, 0x00000000d1200000, 0x00000000d3420000)
  from space 4352K,  26% used [0x00000000d3420000, 0x00000000d3542280, 0x00000000d3860000)
  to   space 4352K,   0% used [0x00000000d3860000, 0x00000000d3860000, 0x00000000d3ca0000)
 concurrent mark-sweep generation total 87424K, used 6632K [0x00000000e0c00000, 0x00000000e6160000, 0x0000000100000000)
 Metaspace       used 12444K, capacity 12700K, committed 12928K, reserved 1060864K
  class space    used 1456K, capacity 1543K, committed 1664K, reserved 1048576K
}
Event: 6.676 GC heap before
{Heap before GC invocations=4 (full 0):
 par new generation   total 39296K, used 36104K [0x00000000d1200000, 0x00000000d3ca0000, 0x00000000e0c00000)
  eden space 34944K, 100% used [0x00000000d1200000, 0x00000000d3420000, 0x00000000d3420000)
  from space 4352K,  26% used [0x00000000d3420000, 0x00000000d3542280, 0x00000000d3860000)
  to   space 4352K,   0% used [0x00000000d3860000, 0x00000000d3860000, 0x00000000d3ca0000)
 concurrent mark-sweep generation total 87424K, used 6632K [0x00000000e0c00000, 0x00000000e6160000, 0x0000000100000000)
 Metaspace       used 16358K, capacity 16598K, committed 16896K, reserved 1064960K
  class space    used 1908K, capacity 1966K, committed 2048K, reserved 1048576K
Event: 6.684 GC heap after
Heap after GC invocations=5 (full 0):
 par new generation   total 39296K, used 2458K [0x00000000d1200000, 0x00000000d3ca0000, 0x00000000e0c00000)
  eden space 34944K,   0% used [0x00000000d1200000, 0x00000000d1200000, 0x00000000d3420000)
  from space 4352K,  56% used [0x00000000d3860000, 0x00000000d3ac69e0, 0x00000000d3ca0000)
  to   space 4352K,   0% used [0x00000000d3420000, 0x00000000d3420000, 0x00000000d3860000)
 concurrent mark-sweep generation total 87424K, used 6632K [0x00000000e0c00000, 0x00000000e6160000, 0x0000000100000000)
 Metaspace       used 16358K, capacity 16598K, committed 16896K, reserved 1064960K
  class space    used 1908K, capacity 1966K, committed 2048K, reserved 1048576K
}
Event: 55.990 GC heap before
{Heap before GC invocations=5 (full 1):
 par new generation   total 39296K, used 37402K [0x00000000d1200000, 0x00000000d3ca0000, 0x00000000e0c00000)
  eden space 34944K, 100% used [0x00000000d1200000, 0x00000000d3420000, 0x00000000d3420000)
  from space 4352K,  56% used [0x00000000d3860000, 0x00000000d3ac69e0, 0x00000000d3ca0000)
  to   space 4352K,   0% used [0x00000000d3420000, 0x00000000d3420000, 0x00000000d3860000)
 concurrent mark-sweep generation total 87424K, used 4338K [0x00000000e0c00000, 0x00000000e6160000, 0x0000000100000000)
 Metaspace       used 25008K, capacity 25458K, committed 25588K, reserved 1071104K
  class space    used 3054K, capacity 3174K, committed 3220K, reserved 1048576K
Event: 55.997 GC heap after
Heap after GC invocations=6 (full 1):
 par new generation   total 39296K, used 3931K [0x00000000d1200000, 0x00000000d3ca0000, 0x00000000e0c00000)
  eden space 34944K,   0% used [0x00000000d1200000, 0x00000000d1200000, 0x00000000d3420000)
  from space 4352K,  90% used [0x00000000d3420000, 0x00000000d37f6eb0, 0x00000000d3860000)
  to   space 4352K,   0% used [0x00000000d3860000, 0x00000000d3860000, 0x00000000d3ca0000)
 concurrent mark-sweep generation total 87424K, used 6799K [0x00000000e0c00000, 0x00000000e6160000, 0x0000000100000000)
 Metaspace       used 25008K, capacity 25458K, committed 25588K, reserved 1071104K
  class space    used 3054K, capacity 3174K, committed 3220K, reserved 1048576K
}
Event: 70.400 GC heap before
{Heap before GC invocations=6 (full 1):
 par new generation   total 39296K, used 38875K [0x00000000d1200000, 0x00000000d3ca0000, 0x00000000e0c00000)
  eden space 34944K, 100% used [0x00000000d1200000, 0x00000000d3420000, 0x00000000d3420000)
  from space 4352K,  90% used [0x00000000d3420000, 0x00000000d37f6eb0, 0x00000000d3860000)
  to   space 4352K,   0% used [0x00000000d3860000, 0x00000000d3860000, 0x00000000d3ca0000)
 concurrent mark-sweep generation total 87424K, used 6799K [0x00000000e0c00000, 0x00000000e6160000, 0x0000000100000000)
 Metaspace       used 32392K, capacity 33194K, committed 33500K, reserved 1079296K
  class space    used 4095K, capacity 4292K, committed 4372K, reserved 1048576K
Event: 70.606 GC heap after
Heap after GC invocations=7 (full 1):
 par new generation   total 39296K, used 4352K [0x00000000d1200000, 0x00000000d3ca0000, 0x00000000e0c00000)
  eden space 34944K,   0% used [0x00000000d1200000, 0x00000000d1200000, 0x00000000d3420000)
  from space 4352K, 100% used [0x00000000d3860000, 0x00000000d3ca0000, 0x00000000d3ca0000)
  to   space 4352K,   0% used [0x00000000d3420000, 0x00000000d3420000, 0x00000000d3860000)
 concurrent mark-sweep generation total 87424K, used 13288K [0x00000000e0c00000, 0x00000000e6160000, 0x0000000100000000)
 Metaspace       used 32392K, capacity 33194K, committed 33500K, reserved 1079296K
  class space    used 4095K, capacity 4292K, committed 4372K, reserved 1048576K
}

